<?xml version="1.0" encoding="UTF-8" ?>
<testsuite tests="1" failures="0" name="com.example.webguidemo.PocztaWPWebTest" time="0.843" errors="1" skipped="0">
  <properties>
[...]
</properties>
  <testcase classname="com.example.webguidemo.PocztaWPWebTest" name="run" time="0.843">
    <error message="Failures in running stories: ReportsCount[stories=1,storiesNotAllowed=0,storiesPending=0,scenarios=1,scenariosFailed=1,scenariosNotAllowed=0,scenariosPending=0,stepsFailed=3]" type="org.jbehave.core.embedder.Embedder$RunningStoriesFailed">org.jbehave.core.embedder.Embedder$RunningStoriesFailed: Failures in running stories: ReportsCount[stories=1,storiesNotAllowed=0,storiesPending=0,scenarios=1,scenariosFailed=1,scenariosNotAllowed=0,scenariosPending=0,stepsFailed=3]
	at org.jbehave.core.embedder.Embedder$ThrowingRunningStoriesFailed.handleFailures(Embedder.java:534)
	at org.jbehave.core.embedder.Embedder.handleFailures(Embedder.java:270)
	at org.jbehave.core.embedder.Embedder.generateReportsView(Embedder.java:257)
	at org.jbehave.core.embedder.Embedder.generateReportsView(Embedder.java:238)
	at org.jbehave.core.embedder.Embedder.runStoriesAsPaths(Embedder.java:214)
	at org.jbehave.core.junit.JUnitStories.run(JUnitStories.java:20)
	at sun.reflect.NativeMethodAccessorImpl.invoke0(Native Method)
	at sun.reflect.NativeMethodAccessorImpl.invoke(NativeMethodAccessorImpl.java:62)
	at sun.reflect.DelegatingMethodAccessorImpl.invoke(DelegatingMethodAccessorImpl.java:43)
	at java.lang.reflect.Method.invoke(Method.java:498)
	at org.junit.runners.model.FrameworkMethod$1.runReflectiveCall(FrameworkMethod.java:47)
	at org.junit.internal.runners.model.ReflectiveCallable.run(ReflectiveCallable.java:12)
	at org.junit.runners.model.FrameworkMethod.invokeExplosively(FrameworkMethod.java:44)
	at org.junit.internal.runners.statements.InvokeMethod.evaluate(InvokeMethod.java:17)
	at org.junit.runners.ParentRunner.runLeaf(ParentRunner.java:271)
	at org.junit.runners.BlockJUnit4ClassRunner.runChild(BlockJUnit4ClassRunner.java:70)
	at org.junit.runners.BlockJUnit4ClassRunner.runChild(BlockJUnit4ClassRunner.java:50)
	at org.junit.runners.ParentRunner$3.run(ParentRunner.java:238)
	at org.junit.runners.ParentRunner$1.schedule(ParentRunner.java:63)
	at org.junit.runners.ParentRunner.runChildren(ParentRunner.java:236)
	at org.junit.runners.ParentRunner.access$000(ParentRunner.java:53)
	at org.junit.runners.ParentRunner$2.evaluate(ParentRunner.java:229)
	at org.junit.runners.ParentRunner.run(ParentRunner.java:309)
	at org.apache.maven.surefire.junit4.JUnit4Provider.execute(JUnit4Provider.java:252)
	at org.apache.maven.surefire.junit4.JUnit4Provider.executeTestSet(JUnit4Provider.java:141)
	at org.apache.maven.surefire.junit4.JUnit4Provider.invoke(JUnit4Provider.java:112)
	at sun.reflect.NativeMethodAccessorImpl.invoke0(Native Method)
	at sun.reflect.NativeMethodAccessorImpl.invoke(NativeMethodAccessorImpl.java:62)
	at sun.reflect.DelegatingMethodAccessorImpl.invoke(DelegatingMethodAccessorImpl.java:43)
	at java.lang.reflect.Method.invoke(Method.java:498)
	at org.apache.maven.surefire.util.ReflectionUtils.invokeMethodWithArray(ReflectionUtils.java:189)
	at org.apache.maven.surefire.booter.ProviderFactory$ProviderProxy.invoke(ProviderFactory.java:165)
	at org.apache.maven.surefire.booter.ProviderFactory.invokeProvider(ProviderFactory.java:85)
	at org.apache.maven.surefire.booter.ForkedBooter.runSuitesInProcess(ForkedBooter.java:115)
	at org.apache.maven.surefire.booter.ForkedBooter.main(ForkedBooter.java:75)
</error>
    <system-out>Processing system properties {}
Using controls EmbedderControls[batch=false,skip=false,generateViewAfterStories=true,ignoreFailureInStories=false,ignoreFailureInView=false,verboseFailures=false,verboseFiltering=false,storyTimeoutInSecs=300,failOnStoryTimeout=false,threads=1]

(BeforeStories)

Running story com/example/webguidemo/pocztaWP_web_test.story

(com/example/webguidemo/pocztaWP_web_test.story)
org.jbehave.web.selenium.PerStoryWebDriverSteps.beforeStory() (FAILED)
(org.jbehave.core.failures.BeforeOrAfterFailed: Method beforeStory (annotated with @BeforeStory in class org.jbehave.web.selenium.PerStoryWebDriverSteps) failed: java.lang.IllegalStateException: The driver executable does not exist: C:\Users\Lusi\Desktop\Artur\chromedriver.exe)
Scenario: User goes from home page to mail page
Given user is on Home page (FAILED)
(org.jbehave.web.selenium.DelegatingWebDriverProvider$DelegateWebDriverNotFound: WebDriver has not been found for this thread.
Please verify you are using the correct WebDriverProvider, with the appropriate credentials if using remote access, e.g. to SauceLabs: -DSAUCE_USERNAME=xxxxxx -DSAUCE_ACCESS_KEY=xxx-xxxx-xxxx-xxxx-xxx )
When user opens Mail link (NOT PERFORMED)
Then Mail page is shown (NOT PERFORMED)
When user opens Mail link (NOT PERFORMED)
Then types login and password (NOT PERFORMED)
Screenshot of page &apos;[unknown page title]. Will try again. Cause: WebDriver has not been found for this thread.
Please verify you are using the correct WebDriverProvider, with the appropriate credentials if using remote access, e.g. to SauceLabs: -DSAUCE_USERNAME=xxxxxx -DSAUCE_ACCESS_KEY=xxx-xxxx-xxxx-xxxx-xxx 

org.jbehave.web.selenium.PerStoryWebDriverSteps.afterStory() (FAILED)
(org.jbehave.core.failures.BeforeOrAfterFailed: Method afterStory (annotated with @AfterStory in class org.jbehave.web.selenium.PerStoryWebDriverSteps) failed: java.lang.NullPointerException)


(AfterStories)

Generating reports view to &apos;D:\Uczelnia\TAU\TAUTest\lab07\webguidemo\target\jbehave&apos; using formats &apos;[stats, console, txt]&apos; and view properties &apos;{navigator=ftl/jbehave-navigator.ftl, views=ftl/jbehave-views.ftl, reports=ftl/jbehave-reports-with-totals.ftl, nonDecorated=ftl/jbehave-report-non-decorated.ftl, decorated=ftl/jbehave-report-decorated.ftl, maps=ftl/jbehave-maps.ftl}&apos;
Reports view generated with 1 stories (of which 0 pending) containing 1 scenarios (of which 0 pending)
</system-out>
    <system-err>Screenshot of page &apos;[unknown page title]&apos; has **NOT** been saved to &apos;D:\Uczelnia\TAU\TAUTest\lab07\webguidemo\target\jbehave/screenshots/failed-scenario-f0af3891-b525-4ead-bc46-3ab611a4c71d.png&apos; because error &apos;WebDriver has not been found for this thread.
Please verify you are using the correct WebDriverProvider, with the appropriate credentials if using remote access, e.g. to SauceLabs: -DSAUCE_USERNAME=xxxxxx -DSAUCE_ACCESS_KEY=xxx-xxxx-xxxx-xxxx-xxx &apos; encountered. Stack trace follows:
org.jbehave.web.selenium.DelegatingWebDriverProvider$DelegateWebDriverNotFound: WebDriver has not been found for this thread.
Please verify you are using the correct WebDriverProvider, with the appropriate credentials if using remote access, e.g. to SauceLabs: -DSAUCE_USERNAME=xxxxxx -DSAUCE_ACCESS_KEY=xxx-xxxx-xxxx-xxxx-xxx 
	at org.jbehave.web.selenium.DelegatingWebDriverProvider.get(DelegatingWebDriverProvider.java:24)
	at org.jbehave.web.selenium.DelegatingWebDriverProvider.saveScreenshotTo(DelegatingWebDriverProvider.java:35)
	at org.jbehave.web.selenium.WebDriverScreenshotOnFailure.afterScenarioFailure(WebDriverScreenshotOnFailure.java:56)
	at sun.reflect.NativeMethodAccessorImpl.invoke0(Native Method)
	at sun.reflect.NativeMethodAccessorImpl.invoke(NativeMethodAccessorImpl.java:62)
	at sun.reflect.DelegatingMethodAccessorImpl.invoke(DelegatingMethodAccessorImpl.java:43)
	at java.lang.reflect.Method.invoke(Method.java:498)
	at org.jbehave.core.steps.StepCreator$MethodInvoker.invoke(StepCreator.java:801)
	at org.jbehave.core.steps.StepCreator$BeforeOrAfterStep.perform(StepCreator.java:490)
	at org.jbehave.core.steps.StepCreator$UponFailureStep.doNotPerform(StepCreator.java:559)
	at org.jbehave.core.embedder.PerformableTree$SomethingHappened.run(PerformableTree.java:347)
	at org.jbehave.core.embedder.PerformableTree$PerformableSteps.perform(PerformableTree.java:964)
	at org.jbehave.core.embedder.PerformableTree$NormalPerformableScenario.perform(PerformableTree.java:884)
	at org.jbehave.core.embedder.PerformableTree$PerformableScenario.perform(PerformableTree.java:818)
	at org.jbehave.core.embedder.PerformableTree$PerformableStory.performScenarios(PerformableTree.java:747)
	at org.jbehave.core.embedder.PerformableTree$PerformableStory.perform(PerformableTree.java:726)
	at org.jbehave.core.embedder.PerformableTree.performCancellable(PerformableTree.java:380)
	at org.jbehave.core.embedder.PerformableTree.perform(PerformableTree.java:360)
	at org.jbehave.core.embedder.StoryManager$EnqueuedStory.call(StoryManager.java:272)
	at org.jbehave.core.embedder.StoryManager$EnqueuedStory.call(StoryManager.java:248)
	at java.util.concurrent.FutureTask.run(FutureTask.java:266)
	at java.util.concurrent.ThreadPoolExecutor.runWorker(ThreadPoolExecutor.java:1142)
	at java.util.concurrent.ThreadPoolExecutor$Worker.run(ThreadPoolExecutor.java:617)
	at java.lang.Thread.run(Thread.java:745)
</system-err>
  </testcase>
</testsuite>